{"level":"info","message":"PoService.js.updatePODetailBalanceQty","timestamp":"2015-10-16T10:24:30.102Z"}
{"level":"info","message":"PoService.js.updatePODetailBalanceQty","timestamp":"2015-10-16T10:24:30.103Z"}
{"level":"info","message":"PoService.js.updatePODetailBalanceQty","timestamp":"2015-10-16T10:24:30.104Z"}
{"level":"info","message":"PurchaseService.js>>savePurchaseHdrDetails>>Deleted successfully.","timestamp":"2015-10-16T10:24:30.106Z"}
{"level":"info","message":"PoService.js.updatePODetailBalanceQty","timestamp":"2015-10-16T10:55:49.316Z"}
{"level":"info","message":"PoService.js.updatePODetailBalanceQty","timestamp":"2015-10-16T10:55:49.328Z"}
{"level":"info","message":"PoService.js.updatePODetailBalanceQty","timestamp":"2015-10-16T10:55:49.332Z"}
{"level":"info","message":"PurchaseService.js>>savePurchaseHdrDetails>>Deleted successfully.","timestamp":"2015-10-16T10:55:49.334Z"}
{"level":"info","message":"AccountPayablesService.js>>getAccountPayablesDetails>>No data found.","timestamp":"2015-10-16T13:28:37.575Z"}
{"level":"info","message":"AccountPayablesService.js>>getAccountPayablesDetails>>About 31 results.","timestamp":"2015-10-16T13:29:10.959Z"}
{"level":"info","message":"AccountsService.js>>getAccountsDetails>>About 8 results.","timestamp":"2015-10-16T13:36:01.930Z"}
{"level":"info","message":"CustAgeGroupService.js>>getCustAgeGroupDetails>>About 10 results.","timestamp":"2015-10-16T13:45:23.570Z"}
{"level":"info","message":"CustomerTypeService.js>>getCustomerTypeDetails>>About 14 results.","timestamp":"2015-10-16T13:52:29.267Z"}
{"level":"info","message":"ProductSerialCodesService.js>>getProductSerialCodesDetails>>About 9 results.","timestamp":"2015-10-16T14:01:44.505Z"}
{"level":"info","message":"ProductService.js>>getProductBrands>>About 23 results.","timestamp":"2015-10-16T14:11:18.893Z"}
{"level":"info","message":"ProductService.js>>getProductImages>>About 122 results.","timestamp":"2015-10-16T14:11:35.099Z"}
{"level":"info","message":"ProductService.js>>getProductSpec>>About 130 results.","timestamp":"2015-10-16T14:11:46.240Z"}
{"level":"info","message":"ProductService.js>>getProductsList>>About 131 results.","timestamp":"2015-10-16T14:11:59.672Z"}
{"level":"info","message":"TxnsTypeService.js>>getTxnsTypeDetails>>About 3 results.","timestamp":"2015-10-16T14:27:33.599Z"}
{"level":"info","message":"SlnoGenService.js.updateSequenceNo - Updated successfully.","timestamp":"2015-10-17T04:11:47.359Z"}
{"level":"info","message":"PoService.js.updatePODetailBalanceQty","timestamp":"2015-10-17T04:11:47.376Z"}
{"level":"info","message":"PoService.js.updatePODetailBalanceQty","timestamp":"2015-10-17T04:11:47.381Z"}
{"level":"info","message":"PoService.js.updatePODetailBalanceQty","timestamp":"2015-10-17T04:11:47.384Z"}
{"level":"info","message":"PurchaseService.js>>savePurchaseHdrDetails>>Saved successfully.","timestamp":"2015-10-17T04:11:47.385Z"}
{"level":"info","message":"WishorderListService.js>>getWishorderList>>No data found.","timestamp":"2015-10-17T05:44:32.985Z"}
{"level":"info","message":"WishorderListService.js>>getWishorderList>>About 60 results.","timestamp":"2015-10-17T05:44:38.970Z"}
{"level":"info","message":"WishorderListService.js>>saveWishorderList>>Updated successfully.","timestamp":"2015-10-17T05:45:35.672Z"}
{"level":"info","message":"WishorderListService.js>>saveWishorderList>>Saved successfully.","timestamp":"2015-10-17T05:46:07.122Z"}
{"level":"info","message":"EmployeeService.js>>saveEmployee>>Updated successfully.","timestamp":"2015-10-17T10:22:43.485Z"}
{"level":"info","message":"EmployeeService.js>>saveEmployee>>Saved successfully.","timestamp":"2015-10-17T10:27:01.119Z"}
{"level":"info","message":"SlnoGenService.js.updateSequenceNo - Updated successfully.","timestamp":"2015-10-17T10:27:01.164Z"}
{"level":"info","message":"EmployeeService.js>>saveEmployee>>Saved successfully.","timestamp":"2015-10-17T10:28:55.043Z"}
{"level":"info","message":"SlnoGenService.js.updateSequenceNo - Updated successfully.","timestamp":"2015-10-17T10:28:55.093Z"}
{"level":"info","message":"EmployeeService.js>>saveEmployee>>Updated successfully.","timestamp":"2015-10-17T10:49:33.306Z"}
{"level":"info","message":"EmployeeService.js>>saveEmployee>>Saved successfully.","timestamp":"2015-10-17T10:50:39.280Z"}
{"level":"info","message":"RptStockTransfersService.js>>getStockTransferRptDetails >> About 1 results.","timestamp":"2015-10-18T07:08:14.000Z"}
{"level":"info","message":"RptStockTransfersService.js>>getStockTransferRptDetails >> About 1 results.","timestamp":"2015-10-19T05:39:34.408Z"}
{"level":"info","message":"RptStockTransfersService.js>>getStockTransferRptDetails >> About 32 results.","timestamp":"2015-10-19T06:03:43.279Z"}
{"level":"info","message":"RptStockTransfersService.js>> getStockTransferRptDetails >> Internal Error.","timestamp":"2015-10-19T06:05:02.378Z"}
{"name":"SequelizeDatabaseError","message":"ER_PARSE_ERROR: You have an error in your SQL syntax; check the manual that corresponds to your MySQL server version for the right syntax to use near 't_stock_transfer_hdr sth,t_stock_transfer_dtl std,m_product prod,m_uom uom,m_sto' at line 1","parent":{"code":"ER_PARSE_ERROR","errno":1064,"sqlState":"42000","index":0,"sql":"SELECT sth.transfer_refno,sth.transfer_date,sth.transfer_ctgry,sth.transfer_remarks,sth.basic_total,sth.total_tax,sth.total_value,prod.prod_code,prod.prod_name,std.transfer_qty,std.received_qty,uom.uom_name,std.remarks,std.batch_no,std.rate,std.basic_value,std.discount_prcnt,std.tax_value,fs.store_name fromstore,ts.store_name tostoreFROM t_stock_transfer_hdr sth,t_stock_transfer_dtl std,m_product prod,m_uom uom,m_store fs,m_store ts where sth.transfer_id = std.transfer_id and prod.prod_id = std.product_id and uom.uom_id = std.uom_id and fs.store_id = sth.from_Store_id and ts.store_id = sth.to_store_id and sth.transfer_id = 28;"},"original":{"code":"ER_PARSE_ERROR","errno":1064,"sqlState":"42000","index":0,"sql":"SELECT sth.transfer_refno,sth.transfer_date,sth.transfer_ctgry,sth.transfer_remarks,sth.basic_total,sth.total_tax,sth.total_value,prod.prod_code,prod.prod_name,std.transfer_qty,std.received_qty,uom.uom_name,std.remarks,std.batch_no,std.rate,std.basic_value,std.discount_prcnt,std.tax_value,fs.store_name fromstore,ts.store_name tostoreFROM t_stock_transfer_hdr sth,t_stock_transfer_dtl std,m_product prod,m_uom uom,m_store fs,m_store ts where sth.transfer_id = std.transfer_id and prod.prod_id = std.product_id and uom.uom_id = std.uom_id and fs.store_id = sth.from_Store_id and ts.store_id = sth.to_store_id and sth.transfer_id = 28;"},"sql":"SELECT sth.transfer_refno,sth.transfer_date,sth.transfer_ctgry,sth.transfer_remarks,sth.basic_total,sth.total_tax,sth.total_value,prod.prod_code,prod.prod_name,std.transfer_qty,std.received_qty,uom.uom_name,std.remarks,std.batch_no,std.rate,std.basic_value,std.discount_prcnt,std.tax_value,fs.store_name fromstore,ts.store_name tostoreFROM t_stock_transfer_hdr sth,t_stock_transfer_dtl std,m_product prod,m_uom uom,m_store fs,m_store ts where sth.transfer_id = std.transfer_id and prod.prod_id = std.product_id and uom.uom_id = std.uom_id and fs.store_id = sth.from_Store_id and ts.store_id = sth.to_store_id and sth.transfer_id = 28;","level":"error","timestamp":"2015-10-19T06:05:02.383Z"}
{"level":"info","message":"RptStockTransfersService.js>> getStockTransferRptDetails >> Internal Error.","timestamp":"2015-10-19T06:05:45.602Z"}
{"name":"SequelizeDatabaseError","message":"ER_PARSE_ERROR: You have an error in your SQL syntax; check the manual that corresponds to your MySQL server version for the right syntax to use near 't_stock_transfer_hdr sth,t_stock_transfer_dtl std,m_product prod,m_uom uom,m_sto' at line 1","parent":{"code":"ER_PARSE_ERROR","errno":1064,"sqlState":"42000","index":0,"sql":"SELECT sth.transfer_refno,sth.transfer_date,sth.transfer_ctgry,sth.transfer_remarks,sth.basic_total,sth.total_tax,sth.total_value,prod.prod_code,prod.prod_name,std.transfer_qty,std.received_qty,uom.uom_name,std.remarks,std.batch_no,std.rate,std.basic_value,std.discount_prcnt,std.tax_value,fs.store_name as fromstore,ts.store_name as tostoreFROM t_stock_transfer_hdr sth,t_stock_transfer_dtl std,m_product prod,m_uom uom,m_store fs,m_store ts where sth.transfer_id = std.transfer_id and prod.prod_id = std.product_id and uom.uom_id = std.uom_id and fs.store_id = sth.from_Store_id and ts.store_id = sth.to_store_id and sth.transfer_id = 28;"},"original":{"code":"ER_PARSE_ERROR","errno":1064,"sqlState":"42000","index":0,"sql":"SELECT sth.transfer_refno,sth.transfer_date,sth.transfer_ctgry,sth.transfer_remarks,sth.basic_total,sth.total_tax,sth.total_value,prod.prod_code,prod.prod_name,std.transfer_qty,std.received_qty,uom.uom_name,std.remarks,std.batch_no,std.rate,std.basic_value,std.discount_prcnt,std.tax_value,fs.store_name as fromstore,ts.store_name as tostoreFROM t_stock_transfer_hdr sth,t_stock_transfer_dtl std,m_product prod,m_uom uom,m_store fs,m_store ts where sth.transfer_id = std.transfer_id and prod.prod_id = std.product_id and uom.uom_id = std.uom_id and fs.store_id = sth.from_Store_id and ts.store_id = sth.to_store_id and sth.transfer_id = 28;"},"sql":"SELECT sth.transfer_refno,sth.transfer_date,sth.transfer_ctgry,sth.transfer_remarks,sth.basic_total,sth.total_tax,sth.total_value,prod.prod_code,prod.prod_name,std.transfer_qty,std.received_qty,uom.uom_name,std.remarks,std.batch_no,std.rate,std.basic_value,std.discount_prcnt,std.tax_value,fs.store_name as fromstore,ts.store_name as tostoreFROM t_stock_transfer_hdr sth,t_stock_transfer_dtl std,m_product prod,m_uom uom,m_store fs,m_store ts where sth.transfer_id = std.transfer_id and prod.prod_id = std.product_id and uom.uom_id = std.uom_id and fs.store_id = sth.from_Store_id and ts.store_id = sth.to_store_id and sth.transfer_id = 28;","level":"error","timestamp":"2015-10-19T06:05:45.609Z"}
{"level":"info","message":"RptStockTransfersService.js>> getStockTransferRptDetails >> Internal Error.","timestamp":"2015-10-19T06:08:31.634Z"}
{"name":"SequelizeDatabaseError","message":"ER_BAD_FIELD_ERROR: Unknown column 'undefined' in 'where clause'","parent":{"code":"ER_BAD_FIELD_ERROR","errno":1054,"sqlState":"42S22","index":0,"sql":"SELECT sth.transfer_refno,sth.transfer_date,sth.transfer_ctgry,sth.transfer_remarks,sth.basic_total,sth.total_tax,sth.total_value,prod.prod_code,prod.prod_name,std.transfer_qty,std.received_qty,uom.uom_name,std.remarks,std.batch_no,std.rate,std.basic_value,std.discount_prcnt,std.tax_value,fs.store_name,ts.store_name FROM t_stock_transfer_hdr sth,t_stock_transfer_dtl std,m_product prod,m_uom uom,m_store fs,m_store ts where sth.transfer_id = std.transfer_id and prod.prod_id = std.product_id and uom.uom_id = std.uom_id and fs.store_id = sth.from_Store_id and ts.store_id = sth.to_store_id and sth.transfer_id =undefined"},"original":{"code":"ER_BAD_FIELD_ERROR","errno":1054,"sqlState":"42S22","index":0,"sql":"SELECT sth.transfer_refno,sth.transfer_date,sth.transfer_ctgry,sth.transfer_remarks,sth.basic_total,sth.total_tax,sth.total_value,prod.prod_code,prod.prod_name,std.transfer_qty,std.received_qty,uom.uom_name,std.remarks,std.batch_no,std.rate,std.basic_value,std.discount_prcnt,std.tax_value,fs.store_name,ts.store_name FROM t_stock_transfer_hdr sth,t_stock_transfer_dtl std,m_product prod,m_uom uom,m_store fs,m_store ts where sth.transfer_id = std.transfer_id and prod.prod_id = std.product_id and uom.uom_id = std.uom_id and fs.store_id = sth.from_Store_id and ts.store_id = sth.to_store_id and sth.transfer_id =undefined"},"sql":"SELECT sth.transfer_refno,sth.transfer_date,sth.transfer_ctgry,sth.transfer_remarks,sth.basic_total,sth.total_tax,sth.total_value,prod.prod_code,prod.prod_name,std.transfer_qty,std.received_qty,uom.uom_name,std.remarks,std.batch_no,std.rate,std.basic_value,std.discount_prcnt,std.tax_value,fs.store_name,ts.store_name FROM t_stock_transfer_hdr sth,t_stock_transfer_dtl std,m_product prod,m_uom uom,m_store fs,m_store ts where sth.transfer_id = std.transfer_id and prod.prod_id = std.product_id and uom.uom_id = std.uom_id and fs.store_id = sth.from_Store_id and ts.store_id = sth.to_store_id and sth.transfer_id =undefined","level":"error","timestamp":"2015-10-19T06:08:31.642Z"}
{"level":"info","message":"RptStockTransfersService.js>>getStockTransferRptDetails >> No data found.","timestamp":"2015-10-19T06:08:53.119Z"}
{"level":"info","message":"RptStockTransfersService.js>>getStockTransferRptDetails >> About 32 results.","timestamp":"2015-10-19T06:09:00.282Z"}
{"level":"info","message":"RptStockTransfersService.js>>getStockTransferRptDetails >> About 32 results.","timestamp":"2015-10-19T06:09:56.470Z"}
{"level":"info","message":"RptStockTransfersService.js>> getStockTransferRptDetails >> Internal Error.","timestamp":"2015-10-19T06:10:33.649Z"}
{"name":"SequelizeDatabaseError","message":"ER_PARSE_ERROR: You have an error in your SQL syntax; check the manual that corresponds to your MySQL server version for the right syntax to use near 't_stock_transfer_hdr sth,t_stock_transfer_dtl std,m_product prod,m_uom uom,m_sto' at line 1","parent":{"code":"ER_PARSE_ERROR","errno":1064,"sqlState":"42000","index":0,"sql":"SELECT sth.transfer_refno,sth.transfer_date,sth.transfer_ctgry,sth.transfer_remarks,sth.basic_total,sth.total_tax,sth.total_value,prod.prod_code,prod.prod_name,std.transfer_qty,std.received_qty,uom.uom_name,std.remarks,std.batch_no,std.rate,std.basic_value,std.discount_prcnt,std.tax_value,fs.store_name fromstore,ts.store_name tostoreFROM t_stock_transfer_hdr sth,t_stock_transfer_dtl std,m_product prod,m_uom uom,m_store fs,m_store ts where sth.transfer_id = std.transfer_id and prod.prod_id = std.product_id and uom.uom_id = std.uom_id and fs.store_id = sth.from_Store_id and ts.store_id = sth.to_store_id and sth.transfer_id =28"},"original":{"code":"ER_PARSE_ERROR","errno":1064,"sqlState":"42000","index":0,"sql":"SELECT sth.transfer_refno,sth.transfer_date,sth.transfer_ctgry,sth.transfer_remarks,sth.basic_total,sth.total_tax,sth.total_value,prod.prod_code,prod.prod_name,std.transfer_qty,std.received_qty,uom.uom_name,std.remarks,std.batch_no,std.rate,std.basic_value,std.discount_prcnt,std.tax_value,fs.store_name fromstore,ts.store_name tostoreFROM t_stock_transfer_hdr sth,t_stock_transfer_dtl std,m_product prod,m_uom uom,m_store fs,m_store ts where sth.transfer_id = std.transfer_id and prod.prod_id = std.product_id and uom.uom_id = std.uom_id and fs.store_id = sth.from_Store_id and ts.store_id = sth.to_store_id and sth.transfer_id =28"},"sql":"SELECT sth.transfer_refno,sth.transfer_date,sth.transfer_ctgry,sth.transfer_remarks,sth.basic_total,sth.total_tax,sth.total_value,prod.prod_code,prod.prod_name,std.transfer_qty,std.received_qty,uom.uom_name,std.remarks,std.batch_no,std.rate,std.basic_value,std.discount_prcnt,std.tax_value,fs.store_name fromstore,ts.store_name tostoreFROM t_stock_transfer_hdr sth,t_stock_transfer_dtl std,m_product prod,m_uom uom,m_store fs,m_store ts where sth.transfer_id = std.transfer_id and prod.prod_id = std.product_id and uom.uom_id = std.uom_id and fs.store_id = sth.from_Store_id and ts.store_id = sth.to_store_id and sth.transfer_id =28","level":"error","timestamp":"2015-10-19T06:10:33.655Z"}
{"level":"info","message":"RptStockTransfersService.js>>getStockTransferRptDetails >> About 32 results.","timestamp":"2015-10-19T06:11:04.451Z"}
{"level":"info","message":"RptStockReturnService.js>> getPurchaseRerurnRptDetails >> Internal Error.","timestamp":"2015-10-19T07:14:25.542Z"}
{"name":"SequelizeDatabaseError","message":"ER_BAD_FIELD_ERROR: Unknown column 'undefined' in 'where clause'","parent":{"code":"ER_BAD_FIELD_ERROR","errno":1054,"sqlState":"42S22","index":0,"sql":"select prh.retrun_ref_no,prh.return_date,prh.amount_payble,prh.outstanding_amount,prh.return_type,prh.return_reason,prh.batch_no,st.store_code,st.store_name,sup.supplier_code,sup.supplier_name,prod.prod_code,prod.prod_name,prd.return_qty,uom.uom_name,prd.rate,prd.basic_value from t_purchase_return_hdr prh,t_purchase_return_dtl prd,m_store st,m_supplier sup,m_product prod, m_uom uom where prh.return_id \t= prd.return_id and prh.store_id \t\t= st.store_id and prh.supplier_id \t= sup.supplier_id and prd.product_id \t= prod.prod_id and prd.uom_id \t\t= uom.uom_id and prh.return_id \t\t= undefined"},"original":{"code":"ER_BAD_FIELD_ERROR","errno":1054,"sqlState":"42S22","index":0,"sql":"select prh.retrun_ref_no,prh.return_date,prh.amount_payble,prh.outstanding_amount,prh.return_type,prh.return_reason,prh.batch_no,st.store_code,st.store_name,sup.supplier_code,sup.supplier_name,prod.prod_code,prod.prod_name,prd.return_qty,uom.uom_name,prd.rate,prd.basic_value from t_purchase_return_hdr prh,t_purchase_return_dtl prd,m_store st,m_supplier sup,m_product prod, m_uom uom where prh.return_id \t= prd.return_id and prh.store_id \t\t= st.store_id and prh.supplier_id \t= sup.supplier_id and prd.product_id \t= prod.prod_id and prd.uom_id \t\t= uom.uom_id and prh.return_id \t\t= undefined"},"sql":"select prh.retrun_ref_no,prh.return_date,prh.amount_payble,prh.outstanding_amount,prh.return_type,prh.return_reason,prh.batch_no,st.store_code,st.store_name,sup.supplier_code,sup.supplier_name,prod.prod_code,prod.prod_name,prd.return_qty,uom.uom_name,prd.rate,prd.basic_value from t_purchase_return_hdr prh,t_purchase_return_dtl prd,m_store st,m_supplier sup,m_product prod, m_uom uom where prh.return_id \t= prd.return_id and prh.store_id \t\t= st.store_id and prh.supplier_id \t= sup.supplier_id and prd.product_id \t= prod.prod_id and prd.uom_id \t\t= uom.uom_id and prh.return_id \t\t= undefined","level":"error","timestamp":"2015-10-19T07:14:25.546Z"}
{"level":"info","message":"RptStockReturnService.js>> getPurchaseRerurnRptDetails >> No data found.","timestamp":"2015-10-19T07:14:40.229Z"}
{"level":"info","message":"RptStockReturnService.js>> getPurchaseRerurnRptDetails >> About 6 results.","timestamp":"2015-10-19T07:15:00.901Z"}
{"level":"info","message":"RptPurchaseOrderService.js>> getPurchaseOrderRptDetails >> Internal Error.","timestamp":"2015-10-19T09:14:29.706Z"}
{"name":"SequelizeDatabaseError","message":"ER_BAD_FIELD_ERROR: Unknown column 'undefined' in 'where clause'","parent":{"code":"ER_BAD_FIELD_ERROR","errno":1054,"sqlState":"42S22","index":0,"sql":"select poh.po_no,poh.po_date, st.store_name,sup.supplier_name,poh.invoice_addr,poh.shipping_addr, poh.po_remark,poh.basic_total,poh.total_value,poh.total_tax,poh.total_discount,prod.prod_code,prod.prod_name,pod.po_qty,uom.uom_name,pod.rate,pod.basic_value,pod.discount_prcnt,pod.discount_value,pod.tax_prnct,pod.tax_value from t_po_hdr poh, t_po_dtl pod,m_store st,m_supplier sup,m_product prod,m_uom uom where poh.po_id \t\t= pod.po_id and st.store_id \t\t= poh.store_id and sup.supplier_id \t= poh.supplier_id and uom.uom_id \t\t= pod.uom_id and prod.prod_id \t\t= pod.prod_id and poh.po_id \t\t\t=undefined"},"original":{"code":"ER_BAD_FIELD_ERROR","errno":1054,"sqlState":"42S22","index":0,"sql":"select poh.po_no,poh.po_date, st.store_name,sup.supplier_name,poh.invoice_addr,poh.shipping_addr, poh.po_remark,poh.basic_total,poh.total_value,poh.total_tax,poh.total_discount,prod.prod_code,prod.prod_name,pod.po_qty,uom.uom_name,pod.rate,pod.basic_value,pod.discount_prcnt,pod.discount_value,pod.tax_prnct,pod.tax_value from t_po_hdr poh, t_po_dtl pod,m_store st,m_supplier sup,m_product prod,m_uom uom where poh.po_id \t\t= pod.po_id and st.store_id \t\t= poh.store_id and sup.supplier_id \t= poh.supplier_id and uom.uom_id \t\t= pod.uom_id and prod.prod_id \t\t= pod.prod_id and poh.po_id \t\t\t=undefined"},"sql":"select poh.po_no,poh.po_date, st.store_name,sup.supplier_name,poh.invoice_addr,poh.shipping_addr, poh.po_remark,poh.basic_total,poh.total_value,poh.total_tax,poh.total_discount,prod.prod_code,prod.prod_name,pod.po_qty,uom.uom_name,pod.rate,pod.basic_value,pod.discount_prcnt,pod.discount_value,pod.tax_prnct,pod.tax_value from t_po_hdr poh, t_po_dtl pod,m_store st,m_supplier sup,m_product prod,m_uom uom where poh.po_id \t\t= pod.po_id and st.store_id \t\t= poh.store_id and sup.supplier_id \t= poh.supplier_id and uom.uom_id \t\t= pod.uom_id and prod.prod_id \t\t= pod.prod_id and poh.po_id \t\t\t=undefined","level":"error","timestamp":"2015-10-19T09:14:29.711Z"}
{"level":"info","message":"RptPurchaseOrderService.js>> getPurchaseOrderRptDetails >> About 2 results.","timestamp":"2015-10-19T09:14:40.999Z"}
{"level":"info","message":"RptPurchaseOrderService.js>> getPurchaseOrderRptDetails >> Internal Error.","timestamp":"2015-10-19T09:14:51.991Z"}
{"name":"SequelizeDatabaseError","message":"ER_BAD_FIELD_ERROR: Unknown column 'undefined' in 'where clause'","parent":{"code":"ER_BAD_FIELD_ERROR","errno":1054,"sqlState":"42S22","index":0,"sql":"select poh.po_no,poh.po_date, st.store_name,sup.supplier_name,poh.invoice_addr,poh.shipping_addr, poh.po_remark,poh.basic_total,poh.total_value,poh.total_tax,poh.total_discount,prod.prod_code,prod.prod_name,pod.po_qty,uom.uom_name,pod.rate,pod.basic_value,pod.discount_prcnt,pod.discount_value,pod.tax_prnct,pod.tax_value from t_po_hdr poh, t_po_dtl pod,m_store st,m_supplier sup,m_product prod,m_uom uom where poh.po_id \t\t= pod.po_id and st.store_id \t\t= poh.store_id and sup.supplier_id \t= poh.supplier_id and uom.uom_id \t\t= pod.uom_id and prod.prod_id \t\t= pod.prod_id and poh.po_id \t\t\t=undefined"},"original":{"code":"ER_BAD_FIELD_ERROR","errno":1054,"sqlState":"42S22","index":0,"sql":"select poh.po_no,poh.po_date, st.store_name,sup.supplier_name,poh.invoice_addr,poh.shipping_addr, poh.po_remark,poh.basic_total,poh.total_value,poh.total_tax,poh.total_discount,prod.prod_code,prod.prod_name,pod.po_qty,uom.uom_name,pod.rate,pod.basic_value,pod.discount_prcnt,pod.discount_value,pod.tax_prnct,pod.tax_value from t_po_hdr poh, t_po_dtl pod,m_store st,m_supplier sup,m_product prod,m_uom uom where poh.po_id \t\t= pod.po_id and st.store_id \t\t= poh.store_id and sup.supplier_id \t= poh.supplier_id and uom.uom_id \t\t= pod.uom_id and prod.prod_id \t\t= pod.prod_id and poh.po_id \t\t\t=undefined"},"sql":"select poh.po_no,poh.po_date, st.store_name,sup.supplier_name,poh.invoice_addr,poh.shipping_addr, poh.po_remark,poh.basic_total,poh.total_value,poh.total_tax,poh.total_discount,prod.prod_code,prod.prod_name,pod.po_qty,uom.uom_name,pod.rate,pod.basic_value,pod.discount_prcnt,pod.discount_value,pod.tax_prnct,pod.tax_value from t_po_hdr poh, t_po_dtl pod,m_store st,m_supplier sup,m_product prod,m_uom uom where poh.po_id \t\t= pod.po_id and st.store_id \t\t= poh.store_id and sup.supplier_id \t= poh.supplier_id and uom.uom_id \t\t= pod.uom_id and prod.prod_id \t\t= pod.prod_id and poh.po_id \t\t\t=undefined","level":"error","timestamp":"2015-10-19T09:14:51.994Z"}
{"level":"info","message":"RptPurchaseOrderService.js>> getPurchaseOrderRptDetails >> About 2 results.","timestamp":"2015-10-19T09:14:57.461Z"}
{"level":"info","message":"RptPurchaseOrderService.js>> getPurchaseOrderRptDetails >> About 2 results.","timestamp":"2015-10-19T09:16:13.333Z"}
{"level":"info","message":"RptPurchaseOrderService.js>> getPurchaseOrderRptDetails >> Internal Error.","timestamp":"2015-10-19T09:17:17.275Z"}
{"level":"info","message":"RptPurchaseOrderService.js>> getPurchaseOrderRptDetails >> Internal Error.","timestamp":"2015-10-19T09:18:02.156Z"}
{"level":"info","message":"RptPurchaseOrderService.js>> getPurchaseOrderRptDetails >> Internal Error.","timestamp":"2015-10-19T09:18:30.341Z"}
{"level":"info","message":"RptPurchaseService.js>> getPurchaseRptDetails >> Internal Error.","timestamp":"2015-10-19T10:21:06.236Z"}
{"level":"info","message":"RptPurchaseService.js>> getPurchaseRptDetails >> About 3 results.","timestamp":"2015-10-19T10:21:23.413Z"}
{"level":"info","message":"RptPurchaseService.js>> getPurchaseRptDetails >> Internal Error.","timestamp":"2015-10-19T10:27:11.099Z"}
{"level":"info","message":"RptPurchaseService.js>> getPurchaseRptDetails >> About 3 results.","timestamp":"2015-10-19T10:27:15.965Z"}
{"level":"info","message":"RptSalesService.js>> getSalesRptDetails >> Internal Error.","timestamp":"2015-10-19T11:26:25.271Z"}
{"level":"info","message":"RptSalesService.js>> getSalesRptDetails >> Internal Error.","timestamp":"2015-10-19T11:26:45.029Z"}
{"name":"SequelizeDatabaseError","message":"ER_BAD_FIELD_ERROR: Unknown column 'undefined' in 'where clause'","parent":{"code":"ER_BAD_FIELD_ERROR","errno":1054,"sqlState":"42S22","index":0,"sql":"select sh.bill_no,sh.bill_date ,st.store_code,st.store_name,sh.sale_type,cust.cust_code,cust.cus_first_name,cust.cus_last_name,sh.basic_total,sh.total_tax,sh.discount_prcnt, sh.discount_value,sh.bill_value,sh.total_qty,sh.action_remarks,sd.sold_qty, prod.prod_code,prod.prod_name,uom.uom_name,sd.rate,sd.basic_value,sd.discount_prcnt, sd.discount_value,sd.tax_prnct,sd.tax_value from t_sales_hdr sh,t_sale_dtl sd,m_store st,m_customer cust,m_product prod,m_uom uom where sh.sale_id \t\t= sd.sale_id and st.store_id \t\t= sh.store_id and sh.customer_id \t= cust.cust_id and prod.prod_id \t\t= sd.product_id and sd.uom_id \t\t\t= uom.uom_id and sh.sale_id \t\t=undefined"},"original":{"code":"ER_BAD_FIELD_ERROR","errno":1054,"sqlState":"42S22","index":0,"sql":"select sh.bill_no,sh.bill_date ,st.store_code,st.store_name,sh.sale_type,cust.cust_code,cust.cus_first_name,cust.cus_last_name,sh.basic_total,sh.total_tax,sh.discount_prcnt, sh.discount_value,sh.bill_value,sh.total_qty,sh.action_remarks,sd.sold_qty, prod.prod_code,prod.prod_name,uom.uom_name,sd.rate,sd.basic_value,sd.discount_prcnt, sd.discount_value,sd.tax_prnct,sd.tax_value from t_sales_hdr sh,t_sale_dtl sd,m_store st,m_customer cust,m_product prod,m_uom uom where sh.sale_id \t\t= sd.sale_id and st.store_id \t\t= sh.store_id and sh.customer_id \t= cust.cust_id and prod.prod_id \t\t= sd.product_id and sd.uom_id \t\t\t= uom.uom_id and sh.sale_id \t\t=undefined"},"sql":"select sh.bill_no,sh.bill_date ,st.store_code,st.store_name,sh.sale_type,cust.cust_code,cust.cus_first_name,cust.cus_last_name,sh.basic_total,sh.total_tax,sh.discount_prcnt, sh.discount_value,sh.bill_value,sh.total_qty,sh.action_remarks,sd.sold_qty, prod.prod_code,prod.prod_name,uom.uom_name,sd.rate,sd.basic_value,sd.discount_prcnt, sd.discount_value,sd.tax_prnct,sd.tax_value from t_sales_hdr sh,t_sale_dtl sd,m_store st,m_customer cust,m_product prod,m_uom uom where sh.sale_id \t\t= sd.sale_id and st.store_id \t\t= sh.store_id and sh.customer_id \t= cust.cust_id and prod.prod_id \t\t= sd.product_id and sd.uom_id \t\t\t= uom.uom_id and sh.sale_id \t\t=undefined","level":"error","timestamp":"2015-10-19T11:26:45.032Z"}
{"level":"info","message":"RptSalesService.js>> getSalesRptDetails >> About 1 results.","timestamp":"2015-10-19T11:27:33.688Z"}
{"level":"info","message":"RptSalesService.js>> getSalesRptDetails >> Internal Error.","timestamp":"2015-10-19T11:39:15.530Z"}
{"level":"info","message":"RptSalesService.js>> getSalesRptDetails >> About 1 results.","timestamp":"2015-10-19T11:39:26.857Z"}
{"level":"info","message":"RptInventoryService.js>> getStockSummeryRptDetails >> Internal Error.","timestamp":"2015-10-19T12:50:46.230Z"}
{"level":"info","message":"RptInventoryService.js>> getStockSummeryRptDetails >> No data found.","timestamp":"2015-10-19T12:50:55.171Z"}
{"level":"info","message":"RptInventoryService.js>> getStockSummeryRptDetails >> About 48 results.","timestamp":"2015-10-19T12:50:59.395Z"}
{"level":"info","message":"RptInventoryService.js>> getStockSummeryRptDetails >> Internal Error.","timestamp":"2015-10-19T12:53:15.884Z"}
{"name":"SequelizeDatabaseError","message":"ER_BAD_FIELD_ERROR: Unknown column 'undefined' in 'where clause'","parent":{"code":"ER_BAD_FIELD_ERROR","errno":1054,"sqlState":"42S22","index":0,"sql":"select  prod.prod_code,prod.prod_name,st.store_code,st.store_name,ss.batch_no,ss.curr_stock from t_stock_summary ss,m_product prod,m_store st where prod.prod_id = ss.product_id and st.store_id = ss.store_id and ss.company_id like COALESCE(1,'%') and ss.store_id like  COALESCE(undefined,'%') and ss.product_id like  COALESCE(null,'%')"},"original":{"code":"ER_BAD_FIELD_ERROR","errno":1054,"sqlState":"42S22","index":0,"sql":"select  prod.prod_code,prod.prod_name,st.store_code,st.store_name,ss.batch_no,ss.curr_stock from t_stock_summary ss,m_product prod,m_store st where prod.prod_id = ss.product_id and st.store_id = ss.store_id and ss.company_id like COALESCE(1,'%') and ss.store_id like  COALESCE(undefined,'%') and ss.product_id like  COALESCE(null,'%')"},"sql":"select  prod.prod_code,prod.prod_name,st.store_code,st.store_name,ss.batch_no,ss.curr_stock from t_stock_summary ss,m_product prod,m_store st where prod.prod_id = ss.product_id and st.store_id = ss.store_id and ss.company_id like COALESCE(1,'%') and ss.store_id like  COALESCE(undefined,'%') and ss.product_id like  COALESCE(null,'%')","level":"error","timestamp":"2015-10-19T12:53:15.891Z"}
{"level":"info","message":"RptInventoryService.js>> getStockSummeryRptDetails >> About 31 results.","timestamp":"2015-10-19T12:53:43.984Z"}
{"level":"info","message":"RptInventoryService.js>> getStockSummeryRptDetails >> About 31 results.","timestamp":"2015-10-19T12:55:19.626Z"}
{"level":"info","message":"RptInventoryService.js>> getStockSummeryRptDetails >> About 48 results.","timestamp":"2015-10-19T12:55:24.182Z"}
{"level":"info","message":"RptInventoryService.js>> getStockSummeryRptDetails >> About 9 results.","timestamp":"2015-10-19T12:57:15.426Z"}
{"level":"info","message":"RptInventoryService.js>> getStockSummeryRptDetails >> About 48 results.","timestamp":"2015-10-19T12:57:32.542Z"}
{"level":"info","message":"RptInventoryService.js>> getStockSummeryRptDetails >> About 9 results.","timestamp":"2015-10-19T13:00:01.944Z"}
{"level":"info","message":"RptInventoryService.js>> getStockLedgerRptDetails >> About 9 results.","timestamp":"2015-10-19T13:18:36.278Z"}
{"level":"info","message":"RptInventoryService.js>> getStockLedgerRptDetails >> About 40 results.","timestamp":"2015-10-19T13:18:53.126Z"}
{"level":"info","message":"RptInventoryService.js>> getStockLedgerRptDetails >> About 62 results.","timestamp":"2015-10-19T13:19:02.937Z"}
{"level":"info","message":"RptInventoryService.js>> getStockSummeryRptDetails >> About 9 results.","timestamp":"2015-10-19T13:23:36.924Z"}
{"level":"info","message":"RptPurchaseService.js>> getPurchaseRptDetails >> Internal Error.","timestamp":"2015-10-19T13:25:15.923Z"}
{"level":"info","message":"RptPurchaseService.js>> getPurchaseRptDetails >> About 3 results.","timestamp":"2015-10-19T13:25:30.569Z"}
{"level":"info","message":"RptPurchaseOrderService.js>> getPurchaseOrderRptDetails >> About 1 results.","timestamp":"2015-10-19T13:26:47.138Z"}
{"level":"info","message":"RptPurchaseReturnService.js>> getPurchaseRerurnRptDetails >> Internal Error.","timestamp":"2015-10-19T13:28:21.571Z"}
{"level":"info","message":"RptPurchaseReturnService.js>> getPurchaseRerurnRptDetails >> No data found.","timestamp":"2015-10-19T13:28:31.110Z"}
{"level":"info","message":"RptPurchaseReturnService.js>> getPurchaseRerurnRptDetails >> About 6 results.","timestamp":"2015-10-19T13:29:11.184Z"}
{"level":"info","message":"RptStockTransfersService.js>> getStockTransferRptDetails >> Internal Error.","timestamp":"2015-10-19T13:30:31.866Z"}
{"level":"info","message":"RptStockTransfersService.js>>getStockTransferRptDetails >> No data found.","timestamp":"2015-10-19T13:31:56.207Z"}
{"level":"info","message":"RptStockTransfersService.js>>getStockTransferRptDetails >> No data found.","timestamp":"2015-10-19T13:32:00.210Z"}
{"level":"info","message":"RptStockTransfersService.js>>getStockTransferRptDetails >> About 32 results.","timestamp":"2015-10-19T13:32:30.765Z"}
{"level":"info","message":"RptSalesService.js>> getSalesRptDetails >> Internal Error.","timestamp":"2015-10-19T13:34:23.775Z"}
{"level":"info","message":"RptSalesService.js>> getSalesRptDetails >> No data found.","timestamp":"2015-10-19T13:34:48.644Z"}
{"level":"info","message":"RptSalesService.js>> getSalesRptDetails >> No data found.","timestamp":"2015-10-19T13:34:53.528Z"}
{"level":"info","message":"RptSalesService.js>> getSalesRptDetails >> About 1 results.","timestamp":"2015-10-19T13:35:44.977Z"}
{"level":"info","message":"RptInventoryService.js>> getStockLedgerRptDetails >> About 9 results.","timestamp":"2015-10-19T14:38:51.931Z"}
{"level":"info","message":"RptInventoryService.js>> getStockSummeryRptDetails >> About 9 results.","timestamp":"2015-10-19T14:40:33.874Z"}
{"level":"info","message":"RptPurchaseService.js>> getPurchaseRptDetails >> About 3 results.","timestamp":"2015-10-19T14:42:37.966Z"}
{"level":"info","message":"RptPurchaseOrderService.js>> getPurchaseOrderRptDetails >> About 1 results.","timestamp":"2015-10-19T14:44:14.852Z"}
{"level":"info","message":"RptPurchaseReturnService.js>> getPurchaseRerurnRptDetails >> No data found.","timestamp":"2015-10-19T14:45:18.873Z"}
{"level":"info","message":"RptPurchaseReturnService.js>> getPurchaseRerurnRptDetails >> No data found.","timestamp":"2015-10-19T14:45:45.113Z"}
{"level":"info","message":"RptPurchaseReturnService.js>> getPurchaseRerurnRptDetails >> No data found.","timestamp":"2015-10-19T14:46:04.563Z"}
{"level":"info","message":"RptPurchaseReturnService.js>> getPurchaseRerurnRptDetails >> About 6 results.","timestamp":"2015-10-19T14:46:15.895Z"}
{"level":"info","message":"RptStockTransfersService.js>>getStockTransferRptDetails >> About 32 results.","timestamp":"2015-10-19T14:47:23.605Z"}
{"level":"info","message":"RptSalesService.js>> getSalesRptDetails >> No data found.","timestamp":"2015-10-19T14:48:44.239Z"}
{"level":"info","message":"RptSalesService.js>> getSalesRptDetails >> No data found.","timestamp":"2015-10-19T14:49:12.890Z"}
{"level":"info","message":"RptSalesService.js>> getSalesRptDetails >> About 1 results.","timestamp":"2015-10-19T14:49:39.193Z"}
{"level":"info","message":"AccountTransactionsService.js>>saveaccounttxns>>Saved successfully.","timestamp":"2015-10-23T05:52:48.873Z"}
{"level":"info","message":"AccountsService.js>>updateAccountBalance>>Deleted successfully.","timestamp":"2015-10-23T05:52:48.923Z"}
{"level":"info","message":"AccountTransactionsService.js>>saveaccounttxns>>Saved successfully.","timestamp":"2015-10-23T05:58:24.607Z"}
{"level":"info","message":"AccountsService.js>>updateAccountBalance>>Deleted successfully.","timestamp":"2015-10-23T05:58:24.626Z"}
{"level":"info","message":"AccountTransactionsService.js>>saveaccounttxns>>Saved successfully.","timestamp":"2015-10-23T05:59:00.508Z"}
{"level":"info","message":"AccountsService.js>>updateAccountBalance>>Updated successfully.","timestamp":"2015-10-23T05:59:00.553Z"}
{"level":"info","message":"AccountTxnsBillsService.js>>getAccountTxnsBillsDetails>>No data found.","timestamp":"2015-10-23T07:28:12.104Z"}
{"level":"info","message":"AccountTxnsBillsService.js>>getAccountTxnsBillsDetails>>About 2 results.","timestamp":"2015-10-23T07:28:21.461Z"}
{"level":"info","message":"AccountTxnsBillsService.js>>getAccountTxnsBillsDetails>>About 2 results.","timestamp":"2015-10-23T07:28:53.238Z"}
{"level":"info","message":"WishorderListService.js>>getWishorderList>>About 63 results.","timestamp":"2015-10-23T08:33:47.485Z"}
{"level":"info","message":"WishorderListService.js>>getWishorderList>>About 1 results.","timestamp":"2015-10-23T08:36:36.101Z"}
{"level":"info","message":"WishorderListService.js>>saveWishorderList>>Saved successfully.","timestamp":"2015-10-23T08:38:55.434Z"}
{"level":"info","message":"WishorderListService.js>> getGetWishList >> Internal Error.","timestamp":"2015-10-23T09:53:44.665Z"}
{"name":"SequelizeDatabaseError","message":"ER_PARSE_ERROR: You have an error in your SQL syntax; check the manual that corresponds to your MySQL server version for the right syntax to use near 'w.company_id =1' at line 1","parent":{"code":"ER_PARSE_ERROR","errno":1064,"sqlState":"42000","index":0,"sql":"select  p.prod_name prodname ,p.prod_code prodcode,p.mrp mrp,w.rating rating, w.product_id productid,w.customer_id customerid,(select i.product_image from m_product_image i where i. prod_id = w.product_id LIMIT 1 ) productimage from t_wishorder_list w,m_product p where p.prod_id = w.product_id and w.customer_id =190and w.company_id =1"},"original":{"code":"ER_PARSE_ERROR","errno":1064,"sqlState":"42000","index":0,"sql":"select  p.prod_name prodname ,p.prod_code prodcode,p.mrp mrp,w.rating rating, w.product_id productid,w.customer_id customerid,(select i.product_image from m_product_image i where i. prod_id = w.product_id LIMIT 1 ) productimage from t_wishorder_list w,m_product p where p.prod_id = w.product_id and w.customer_id =190and w.company_id =1"},"sql":"select  p.prod_name prodname ,p.prod_code prodcode,p.mrp mrp,w.rating rating, w.product_id productid,w.customer_id customerid,(select i.product_image from m_product_image i where i. prod_id = w.product_id LIMIT 1 ) productimage from t_wishorder_list w,m_product p where p.prod_id = w.product_id and w.customer_id =190and w.company_id =1","level":"error","timestamp":"2015-10-23T09:53:44.670Z"}
{"level":"info","message":"WishorderListService.js>> getGetWishList >> Internal Error.","timestamp":"2015-10-23T09:55:27.634Z"}
{"name":"SequelizeDatabaseError","message":"ER_PARSE_ERROR: You have an error in your SQL syntax; check the manual that corresponds to your MySQL server version for the right syntax to use near 'w.company_id =1' at line 1","parent":{"code":"ER_PARSE_ERROR","errno":1064,"sqlState":"42000","index":0,"sql":"select  p.prod_name prodname ,p.prod_code prodcode,p.mrp mrp,w.rating rating, w.product_id productid,w.customer_id customerid,(select i.product_image from m_product_image i where i. prod_id = w.product_id LIMIT 1 ) from t_wishorder_list w,m_product p where p.prod_id = w.product_id and w.customer_id =190and w.company_id =1"},"original":{"code":"ER_PARSE_ERROR","errno":1064,"sqlState":"42000","index":0,"sql":"select  p.prod_name prodname ,p.prod_code prodcode,p.mrp mrp,w.rating rating, w.product_id productid,w.customer_id customerid,(select i.product_image from m_product_image i where i. prod_id = w.product_id LIMIT 1 ) from t_wishorder_list w,m_product p where p.prod_id = w.product_id and w.customer_id =190and w.company_id =1"},"sql":"select  p.prod_name prodname ,p.prod_code prodcode,p.mrp mrp,w.rating rating, w.product_id productid,w.customer_id customerid,(select i.product_image from m_product_image i where i. prod_id = w.product_id LIMIT 1 ) from t_wishorder_list w,m_product p where p.prod_id = w.product_id and w.customer_id =190and w.company_id =1","level":"error","timestamp":"2015-10-23T09:55:27.638Z"}
{"level":"info","message":"WishorderListService.js>> getGetWishList >> About 45 results.","timestamp":"2015-10-23T09:56:27.863Z"}
{"level":"info","message":"WishorderListService.js>> getGetWishList >> No data found.","timestamp":"2015-10-23T09:58:26.984Z"}
{"level":"info","message":"WishorderListService.js>> getGetWishList >> About 12 results.","timestamp":"2015-10-23T09:58:53.778Z"}
{"level":"info","message":"WishorderListService.js>> getGetWishList >> Internal Error.","timestamp":"2015-10-23T09:59:06.914Z"}
{"level":"info","message":"WishorderListService.js>> getGetWishList >> About 12 results.","timestamp":"2015-10-23T10:09:16.943Z"}
{"level":"info","message":"WishorderListService.js>> getGetWishList >> About 46 results.","timestamp":"2015-10-23T10:13:36.978Z"}
{"level":"info","message":"WishorderListService.js>> getGetWishList >> About 1 results.","timestamp":"2015-10-23T10:22:29.413Z"}
{"level":"info","message":"WishorderListService.js>> getGetWishList >> About 1 results.","timestamp":"2015-10-23T10:24:13.674Z"}
{"level":"info","message":"WishorderListService.js>> getGetWishList >> About 2 results.","timestamp":"2015-10-23T10:32:54.785Z"}
{"level":"info","message":"WishorderListService.js>> getGetWishList >> About 3 results.","timestamp":"2015-10-23T10:33:12.840Z"}
{"level":"info","message":"WishorderListService.js>> getGetWishList >> About 3 results.","timestamp":"2015-10-23T10:35:34.017Z"}
{"level":"info","message":"WishorderListService.js>> getGetWishList >> About 3 results.","timestamp":"2015-10-23T10:35:55.929Z"}
{"level":"info","message":"WishorderListService.js>> getGetWishList >> About 4 results.","timestamp":"2015-10-23T10:36:10.066Z"}
{"level":"info","message":"WishorderListService.js>> getGetWishList >> About 5 results.","timestamp":"2015-10-23T10:36:34.859Z"}
{"level":"info","message":"WishorderListService.js>> getGetWishList >> About 5 results.","timestamp":"2015-10-23T10:39:29.147Z"}
{"level":"info","message":"WishorderListService.js>> getGetWishList >> About 50 results.","timestamp":"2015-10-23T10:44:52.194Z"}
{"level":"info","message":"WishorderListService.js>> getGetWishList >> About 9 results.","timestamp":"2015-10-23T11:04:07.754Z"}
{"level":"info","message":"WishorderListService.js>> getGetWishList >> About 9 results.","timestamp":"2015-10-23T11:04:30.256Z"}
{"level":"info","message":"WishorderListService.js>> getGetWishList >> About 9 results.","timestamp":"2015-10-23T11:04:33.848Z"}
{"level":"info","message":"WishorderListService.js>> getGetWishList >> About 9 results.","timestamp":"2015-10-23T11:04:35.600Z"}
{"level":"info","message":"WishorderListService.js>> getGetWishList >> About 1 results.","timestamp":"2015-10-23T11:20:54.411Z"}
{"level":"info","message":"WishorderListService.js>> getGetWishList >> No data found.","timestamp":"2015-10-23T11:21:00.416Z"}
{"level":"info","message":"WishorderListService.js>> getGetWishList >> About 10 results.","timestamp":"2015-10-23T11:21:38.652Z"}
{"level":"info","message":"WishorderListService.js>> getGetWishList >> No data found.","timestamp":"2015-10-23T11:37:27.170Z"}
{"level":"info","message":"WishorderListService.js>> getGetWishList >> About 1 results.","timestamp":"2015-10-23T11:37:35.595Z"}
{"level":"info","message":"WishorderListService.js>> getGetWishList >> About 1 results.","timestamp":"2015-10-23T11:41:31.227Z"}
{"level":"info","message":"WishorderListService.js>> getGetWishList >> About 1 results.","timestamp":"2015-10-23T11:45:50.223Z"}
{"level":"info","message":"WishorderListService.js>> getGetWishList >> About 1 results.","timestamp":"2015-10-23T12:05:49.486Z"}
{"level":"info","message":"WishorderListService.js>> getGetWishList >> About 1 results.","timestamp":"2015-10-23T12:10:20.086Z"}
{"level":"info","message":"WishorderListService.js>> getGetWishList >> About 1 results.","timestamp":"2015-10-23T12:14:52.248Z"}
{"level":"info","message":"WishorderListService.js>> getGetWishList >> About 1 results.","timestamp":"2015-10-23T12:16:08.046Z"}
{"level":"info","message":"WishorderListService.js>> getGetWishList >> About 1 results.","timestamp":"2015-10-23T12:40:05.371Z"}
{"level":"info","message":"WishorderListService.js>> getGetWishList >> About 50 results.","timestamp":"2015-10-23T12:40:38.566Z"}
{"level":"info","message":"WishorderListService.js>> getGetWishList >> About 1 results.","timestamp":"2015-10-23T12:40:58.885Z"}
{"level":"info","message":"WishorderListService.js>> getGetWishList >> About 50 results.","timestamp":"2015-10-23T12:41:56.221Z"}
{"level":"info","message":"WishorderListService.js>> getGetWishList >> About 1 results.","timestamp":"2015-10-23T12:43:03.321Z"}
{"level":"info","message":"WishorderListService.js>> getGetWishList >> About 1 results.","timestamp":"2015-10-23T12:44:56.079Z"}
{"level":"info","message":"WishorderListService.js>> getGetWishList >> About 1 results.","timestamp":"2015-10-23T12:45:58.165Z"}
{"level":"info","message":"WishorderListService.js>> getGetWishList >> About 1 results.","timestamp":"2015-10-23T12:47:00.724Z"}
{"level":"info","message":"WishorderListService.js>> getGetWishList >> About 1 results.","timestamp":"2015-10-23T12:47:47.357Z"}
{"level":"info","message":"WishorderListService.js>> getGetWishList >> About 1 results.","timestamp":"2015-10-23T12:48:48.082Z"}
{"level":"info","message":"WishorderListService.js>> getGetWishList >> About 1 results.","timestamp":"2015-10-23T12:49:38.936Z"}
{"level":"info","message":"WishorderListService.js>> getGetWishList >> About 1 results.","timestamp":"2015-10-23T12:50:26.456Z"}
{"level":"info","message":"WishorderListService.js>> getGetWishList >> About 1 results.","timestamp":"2015-10-23T12:51:28.979Z"}
{"level":"info","message":"WishorderListService.js>> getGetWishList >> About 1 results.","timestamp":"2015-10-23T12:54:51.386Z"}
{"level":"info","message":"WishorderListService.js>> getGetWishList >> About 10 results.","timestamp":"2015-10-23T13:00:24.428Z"}
{"level":"info","message":"WishorderListService.js>> getGetWishList >> About 10 results.","timestamp":"2015-10-23T13:01:34.685Z"}
{"level":"info","message":"WishorderListService.js>> getGetWishList >> About 10 results.","timestamp":"2015-10-23T13:02:07.840Z"}
{"level":"info","message":"WishorderListService.js>> getGetWishList >> About 10 results.","timestamp":"2015-10-23T13:02:53.626Z"}
{"level":"info","message":"WishorderListService.js>> getGetWishList >> About 10 results.","timestamp":"2015-10-23T13:04:47.580Z"}
{"level":"info","message":"WishorderListService.js>> getGetWishList >> About 10 results.","timestamp":"2015-10-23T13:05:30.647Z"}
{"level":"info","message":"WishorderListService.js>> getGetWishList >> About 10 results.","timestamp":"2015-10-23T13:08:30.555Z"}
{"level":"info","message":"WishorderListService.js>> getGetWishList >> About 10 results.","timestamp":"2015-10-23T13:09:23.648Z"}
{"level":"info","message":"WishorderListService.js>> getGetWishList >> About 10 results.","timestamp":"2015-10-23T13:11:49.347Z"}
{"level":"info","message":"WishorderListService.js>> getGetWishList >> About 10 results.","timestamp":"2015-10-23T13:12:40.175Z"}
{"level":"info","message":"WishorderListService.js>> getGetWishList >> About 38 results.","timestamp":"2015-10-23T13:30:30.753Z"}
{"level":"info","message":"WishorderListService.js>> getGetWishList >> About 40 results.","timestamp":"2015-10-23T13:40:35.091Z"}
{"level":"info","message":"WishorderListService.js>> getGetWishList >> About 40 results.","timestamp":"2015-10-23T13:41:31.266Z"}
{"level":"info","message":"WishorderListService.js>> getGetWishList >> About 40 results.","timestamp":"2015-10-23T13:41:40.443Z"}
{"level":"info","message":"WishorderListService.js>> getGetWishList >> About 28 results.","timestamp":"2015-10-23T13:42:07.384Z"}
{"level":"info","message":"WishorderListService.js>> getGetWishList >> About 28 results.","timestamp":"2015-10-23T13:43:06.894Z"}
{"level":"info","message":"WishorderListService.js>> getGetWishList >> About 28 results.","timestamp":"2015-10-23T13:43:16.111Z"}
{"level":"info","message":"WishorderListService.js>> getGetWishList >> About 29 results.","timestamp":"2015-10-23T13:43:25.620Z"}
{"level":"info","message":"WishorderListService.js>> getGetWishList >> About 30 results.","timestamp":"2015-10-23T13:43:41.804Z"}
{"level":"info","message":"WishorderListService.js>> getGetWishList >> About 30 results.","timestamp":"2015-10-23T13:44:51.317Z"}
{"level":"info","message":"WishorderListService.js>> getWishList >> Internal Error.","timestamp":"2015-10-23T13:49:48.041Z"}
{"name":"SequelizeDatabaseError","message":"ER_BAD_FIELD_ERROR: Unknown column 'undefined' in 'where clause'","parent":{"code":"ER_BAD_FIELD_ERROR","errno":1054,"sqlState":"42S22","index":0,"sql":"select  p.prod_name prodname ,p.prod_code prodcode,p.mrp mrp,w.rating rating, w.product_id productid,w.customer_id customerid,(select i.product_image from m_product_image i where i. prod_id = w.product_id LIMIT 1 ) productimage from t_wishorder_list w,m_product p where p.prod_id \t\t= w.product_id  and w.status like COALESCE(undefined,'%') and w.customer_id \t= 144 and w.company_id \t\t= 1"},"original":{"code":"ER_BAD_FIELD_ERROR","errno":1054,"sqlState":"42S22","index":0,"sql":"select  p.prod_name prodname ,p.prod_code prodcode,p.mrp mrp,w.rating rating, w.product_id productid,w.customer_id customerid,(select i.product_image from m_product_image i where i. prod_id = w.product_id LIMIT 1 ) productimage from t_wishorder_list w,m_product p where p.prod_id \t\t= w.product_id  and w.status like COALESCE(undefined,'%') and w.customer_id \t= 144 and w.company_id \t\t= 1"},"sql":"select  p.prod_name prodname ,p.prod_code prodcode,p.mrp mrp,w.rating rating, w.product_id productid,w.customer_id customerid,(select i.product_image from m_product_image i where i. prod_id = w.product_id LIMIT 1 ) productimage from t_wishorder_list w,m_product p where p.prod_id \t\t= w.product_id  and w.status like COALESCE(undefined,'%') and w.customer_id \t= 144 and w.company_id \t\t= 1","level":"error","timestamp":"2015-10-23T13:49:48.049Z"}
{"level":"info","message":"WishorderListService.js>> getWishList >> About 12 results.","timestamp":"2015-10-23T13:51:18.363Z"}
{"level":"info","message":"WishorderListService.js>> getWishList >> Internal Error.","timestamp":"2015-10-23T13:51:41.640Z"}
{"name":"SequelizeDatabaseError","message":"ER_BAD_FIELD_ERROR: Unknown column 'Active' in 'where clause'","parent":{"code":"ER_BAD_FIELD_ERROR","errno":1054,"sqlState":"42S22","index":0,"sql":"select  p.prod_name prodname ,p.prod_code prodcode,p.mrp mrp,w.rating rating, w.product_id productid,w.customer_id customerid,(select i.product_image from m_product_image i where i. prod_id = w.product_id LIMIT 1 ) productimage from t_wishorder_list w,m_product p where p.prod_id \t\t= w.product_id  and w.status like COALESCE(Active,'%') and w.customer_id \t= 144 and w.company_id \t\t= 1"},"original":{"code":"ER_BAD_FIELD_ERROR","errno":1054,"sqlState":"42S22","index":0,"sql":"select  p.prod_name prodname ,p.prod_code prodcode,p.mrp mrp,w.rating rating, w.product_id productid,w.customer_id customerid,(select i.product_image from m_product_image i where i. prod_id = w.product_id LIMIT 1 ) productimage from t_wishorder_list w,m_product p where p.prod_id \t\t= w.product_id  and w.status like COALESCE(Active,'%') and w.customer_id \t= 144 and w.company_id \t\t= 1"},"sql":"select  p.prod_name prodname ,p.prod_code prodcode,p.mrp mrp,w.rating rating, w.product_id productid,w.customer_id customerid,(select i.product_image from m_product_image i where i. prod_id = w.product_id LIMIT 1 ) productimage from t_wishorder_list w,m_product p where p.prod_id \t\t= w.product_id  and w.status like COALESCE(Active,'%') and w.customer_id \t= 144 and w.company_id \t\t= 1","level":"error","timestamp":"2015-10-23T13:51:41.643Z"}
{"level":"info","message":"WishorderListService.js>> getWishList >> Internal Error.","timestamp":"2015-10-23T13:52:28.590Z"}
{"name":"SequelizeDatabaseError","message":"ER_BAD_FIELD_ERROR: Unknown column 'Active' in 'where clause'","parent":{"code":"ER_BAD_FIELD_ERROR","errno":1054,"sqlState":"42S22","index":0,"sql":"select  p.prod_name prodname ,p.prod_code prodcode,p.mrp mrp,w.rating rating, w.product_id productid,w.customer_id customerid,(select i.product_image from m_product_image i where i. prod_id = w.product_id LIMIT 1 ) productimage from t_wishorder_list w,m_product p where p.prod_id \t\t= w.product_id  and w.status like COALESCE(Active,'%') and w.customer_id \t= 144 and w.company_id \t\t= 1"},"original":{"code":"ER_BAD_FIELD_ERROR","errno":1054,"sqlState":"42S22","index":0,"sql":"select  p.prod_name prodname ,p.prod_code prodcode,p.mrp mrp,w.rating rating, w.product_id productid,w.customer_id customerid,(select i.product_image from m_product_image i where i. prod_id = w.product_id LIMIT 1 ) productimage from t_wishorder_list w,m_product p where p.prod_id \t\t= w.product_id  and w.status like COALESCE(Active,'%') and w.customer_id \t= 144 and w.company_id \t\t= 1"},"sql":"select  p.prod_name prodname ,p.prod_code prodcode,p.mrp mrp,w.rating rating, w.product_id productid,w.customer_id customerid,(select i.product_image from m_product_image i where i. prod_id = w.product_id LIMIT 1 ) productimage from t_wishorder_list w,m_product p where p.prod_id \t\t= w.product_id  and w.status like COALESCE(Active,'%') and w.customer_id \t= 144 and w.company_id \t\t= 1","level":"error","timestamp":"2015-10-23T13:52:28.602Z"}
{"level":"info","message":"WishorderListService.js>> getWishList >> No data found.","timestamp":"2015-10-23T13:52:52.786Z"}
